<?xml version="1.0" encoding="UTF-8"?>
<!-- Generated by org.testng.reporters.JUnitReportReporter -->
<testsuite hostname="DESKTOP-08V9D63" failures="0" tests="3" name="testScript.LoginTest" time="15.253" errors="0" timestamp="2024-12-10T12:45:02 IST" skipped="0">
  <testcase classname="testScript.LoginTest" name="verifyTheUserIsNotAbleToLoginWithCorrectUsernameAndIncorrectPassword" time="6.485"/>
  <testcase classname="testScript.LoginTest" name="verifyTheUserIsNotAbleToLoginWithIncorrectUsernameAndCorrectPassword" time="3.883"/>
  <testcase classname="testScript.LoginTest" name="validateTheUserIsNotAbleToLoginUsingInvalidCredentials" time="4.885"/>
</testsuite> <!-- testScript.LoginTest -->
