<?xml version="1.0" encoding="UTF-8"?>
<!-- Generated by org.testng.reporters.JUnitReportReporter -->
<testsuite hostname="DESKTOP-08V9D63" failures="0" tests="1" name="testScript.ManageNewsTest" time="7.688" errors="0" timestamp="2024-12-02T16:12:31 IST" skipped="0">
  <testcase classname="testScript.ManageNewsTest" name="manageNews" time="7.688"/>
</testsuite> <!-- testScript.ManageNewsTest -->
