<?xml version="1.0" encoding="UTF-8"?>
<!-- Generated by org.testng.reporters.JUnitReportReporter -->
<testsuite hostname="DESKTOP-08V9D63" failures="0" tests="1" name="testScript.Login" time="11.207" errors="0" timestamp="2024-11-28T13:51:09 IST" skipped="0">
  <testcase classname="testScript.Login" name="loginTest" time="11.207"/>
</testsuite> <!-- testScript.Login -->
