<?xml version="1.0" encoding="UTF-8"?>
<!-- Generated by org.testng.reporters.JUnitReportReporter -->
<testsuite hostname="DESKTOP-08V9D63" failures="0" tests="1" name="testScript.SubCategoryTest" time="7.559" errors="0" timestamp="2024-12-03T13:48:03 IST" skipped="0">
  <testcase classname="testScript.SubCategoryTest" name="subCategory" time="7.559"/>
</testsuite> <!-- testScript.SubCategoryTest -->
